
==========================================================================
detailed place report_tns
--------------------------------------------------------------------------
tns max 0.00

==========================================================================
detailed place report_wns
--------------------------------------------------------------------------
wns max 0.00

==========================================================================
detailed place report_worst_slack
--------------------------------------------------------------------------
worst slack max 13.70

==========================================================================
detailed place report_checks -path_delay min
--------------------------------------------------------------------------
Startpoint: Z[12][1]$_DFF_P_ (rising edge-triggered flip-flop clocked by clock)
Endpoint: Z[13][1]$_DFF_P_ (rising edge-triggered flip-flop clocked by clock)
Path Group: clock
Path Type: min

Fanout     Cap    Slew   Delay    Time   Description
-----------------------------------------------------------------------------
                  0.00    0.00    0.00   clock clock (rise edge)
                          0.00    0.00   clock network delay (ideal)
                  0.00    0.00    0.00 ^ Z[12][1]$_DFF_P_/CLK (sg13g2_dfrbp_1)
     2    0.01    0.05    0.17    0.17 v Z[12][1]$_DFF_P_/Q_N (sg13g2_dfrbp_1)
                                         _00931_ (net)
                  0.05    0.00    0.17 v Z[13][1]$_DFF_P_/D (sg13g2_dfrbp_1)
                                  0.17   data arrival time

                  0.00    0.00    0.00   clock clock (rise edge)
                          0.00    0.00   clock network delay (ideal)
                          0.00    0.00   clock reconvergence pessimism
                                  0.00 ^ Z[13][1]$_DFF_P_/CLK (sg13g2_dfrbp_1)
                         -0.05   -0.05   library hold time
                                 -0.05   data required time
-----------------------------------------------------------------------------
                                 -0.05   data required time
                                 -0.17   data arrival time
-----------------------------------------------------------------------------
                                  0.21   slack (MET)



==========================================================================
detailed place report_checks -path_delay max
--------------------------------------------------------------------------
Startpoint: angle[29] (input port clocked by clock)
Endpoint: Y[0][4]$_DFF_P_ (rising edge-triggered flip-flop clocked by clock)
Path Group: clock
Path Type: max

Fanout     Cap    Slew   Delay    Time   Description
-----------------------------------------------------------------------------
                  0.00    0.00    0.00   clock clock (rise edge)
                          0.00    0.00   clock network delay (ideal)
                          4.00    4.00 v input external delay
     1    0.01    0.00    0.00    4.00 v angle[29] (in)
                                         angle[29] (net)
                  0.00    0.00    4.00 v input54/A (sg13g2_buf_1)
     2    0.02    0.06    0.09    4.09 v input54/X (sg13g2_buf_1)
                                         net1046 (net)
                  0.06    0.00    4.09 v _11852_/C (sg13g2_nor4_1)
     1    0.01    0.18    0.19    4.28 ^ _11852_/Y (sg13g2_nor4_1)
                                         _03987_ (net)
                  0.18    0.00    4.28 ^ _11854_/C (sg13g2_nand4_1)
     2    0.06    0.71    0.62    4.90 v _11854_/Y (sg13g2_nand4_1)
                                         _03989_ (net)
                  0.71    0.02    4.93 v _11868_/A1 (sg13g2_o21ai_1)
     8    0.04    0.46    0.55    5.47 ^ _11868_/Y (sg13g2_o21ai_1)
                                         _04001_ (net)
                  0.46    0.00    5.48 ^ place3169/A (sg13g2_buf_1)
     5    0.02    0.11    0.22    5.70 ^ place3169/X (sg13g2_buf_1)
                                         net4161 (net)
                  0.11    0.00    5.70 ^ place3170/A (sg13g2_buf_4)
     6    0.03    0.05    0.14    5.84 ^ place3170/X (sg13g2_buf_4)
                                         net4162 (net)
                  0.05    0.00    5.84 ^ _11872_/A (sg13g2_nand2_2)
     2    0.02    0.06    0.07    5.91 v _11872_/Y (sg13g2_nand2_2)
                                         _04005_ (net)
                  0.06    0.00    5.91 v place3157/A (sg13g2_buf_4)
     8    0.04    0.05    0.11    6.02 v place3157/X (sg13g2_buf_4)
                                         net4149 (net)
                  0.05    0.00    6.02 v _11914_/A2 (sg13g2_o21ai_1)
     1    0.00    0.08    0.10    6.12 ^ _11914_/Y (sg13g2_o21ai_1)
                                         _04043_ (net)
                  0.08    0.00    6.12 ^ _11915_/B1 (sg13g2_a21oi_1)
     1    0.00    0.05    0.05    6.17 v _11915_/Y (sg13g2_a21oi_1)
                                         _00045_ (net)
                  0.05    0.00    6.17 v Y[0][4]$_DFF_P_/D (sg13g2_dfrbp_1)
                                  6.17   data arrival time

                  0.00   20.00   20.00   clock clock (rise edge)
                          0.00   20.00   clock network delay (ideal)
                          0.00   20.00   clock reconvergence pessimism
                                 20.00 ^ Y[0][4]$_DFF_P_/CLK (sg13g2_dfrbp_1)
                         -0.13   19.87   library setup time
                                 19.87   data required time
-----------------------------------------------------------------------------
                                 19.87   data required time
                                 -6.17   data arrival time
-----------------------------------------------------------------------------
                                 13.70   slack (MET)



==========================================================================
detailed place report_checks -unconstrained
--------------------------------------------------------------------------
Startpoint: angle[29] (input port clocked by clock)
Endpoint: Y[0][4]$_DFF_P_ (rising edge-triggered flip-flop clocked by clock)
Path Group: clock
Path Type: max

Fanout     Cap    Slew   Delay    Time   Description
-----------------------------------------------------------------------------
                  0.00    0.00    0.00   clock clock (rise edge)
                          0.00    0.00   clock network delay (ideal)
                          4.00    4.00 v input external delay
     1    0.01    0.00    0.00    4.00 v angle[29] (in)
                                         angle[29] (net)
                  0.00    0.00    4.00 v input54/A (sg13g2_buf_1)
     2    0.02    0.06    0.09    4.09 v input54/X (sg13g2_buf_1)
                                         net1046 (net)
                  0.06    0.00    4.09 v _11852_/C (sg13g2_nor4_1)
     1    0.01    0.18    0.19    4.28 ^ _11852_/Y (sg13g2_nor4_1)
                                         _03987_ (net)
                  0.18    0.00    4.28 ^ _11854_/C (sg13g2_nand4_1)
     2    0.06    0.71    0.62    4.90 v _11854_/Y (sg13g2_nand4_1)
                                         _03989_ (net)
                  0.71    0.02    4.93 v _11868_/A1 (sg13g2_o21ai_1)
     8    0.04    0.46    0.55    5.47 ^ _11868_/Y (sg13g2_o21ai_1)
                                         _04001_ (net)
                  0.46    0.00    5.48 ^ place3169/A (sg13g2_buf_1)
     5    0.02    0.11    0.22    5.70 ^ place3169/X (sg13g2_buf_1)
                                         net4161 (net)
                  0.11    0.00    5.70 ^ place3170/A (sg13g2_buf_4)
     6    0.03    0.05    0.14    5.84 ^ place3170/X (sg13g2_buf_4)
                                         net4162 (net)
                  0.05    0.00    5.84 ^ _11872_/A (sg13g2_nand2_2)
     2    0.02    0.06    0.07    5.91 v _11872_/Y (sg13g2_nand2_2)
                                         _04005_ (net)
                  0.06    0.00    5.91 v place3157/A (sg13g2_buf_4)
     8    0.04    0.05    0.11    6.02 v place3157/X (sg13g2_buf_4)
                                         net4149 (net)
                  0.05    0.00    6.02 v _11914_/A2 (sg13g2_o21ai_1)
     1    0.00    0.08    0.10    6.12 ^ _11914_/Y (sg13g2_o21ai_1)
                                         _04043_ (net)
                  0.08    0.00    6.12 ^ _11915_/B1 (sg13g2_a21oi_1)
     1    0.00    0.05    0.05    6.17 v _11915_/Y (sg13g2_a21oi_1)
                                         _00045_ (net)
                  0.05    0.00    6.17 v Y[0][4]$_DFF_P_/D (sg13g2_dfrbp_1)
                                  6.17   data arrival time

                  0.00   20.00   20.00   clock clock (rise edge)
                          0.00   20.00   clock network delay (ideal)
                          0.00   20.00   clock reconvergence pessimism
                                 20.00 ^ Y[0][4]$_DFF_P_/CLK (sg13g2_dfrbp_1)
                         -0.13   19.87   library setup time
                                 19.87   data required time
-----------------------------------------------------------------------------
                                 19.87   data required time
                                 -6.17   data arrival time
-----------------------------------------------------------------------------
                                 13.70   slack (MET)



==========================================================================
detailed place report_check_types -max_slew -max_cap -max_fanout -violators
--------------------------------------------------------------------------

==========================================================================
detailed place max_slew_check_slack
--------------------------------------------------------------------------
1.7972910404205322

==========================================================================
detailed place max_slew_check_limit
--------------------------------------------------------------------------
2.5074000358581543

==========================================================================
detailed place max_slew_check_slack_limit
--------------------------------------------------------------------------
0.7168

==========================================================================
detailed place max_fanout_check_slack
--------------------------------------------------------------------------
0.0

==========================================================================
detailed place max_fanout_check_limit
--------------------------------------------------------------------------
8.0

==========================================================================
detailed place max_fanout_check_slack_limit
--------------------------------------------------------------------------
0.0000

==========================================================================
detailed place max_capacitance_check_slack
--------------------------------------------------------------------------
0.2291431427001953

==========================================================================
detailed place max_capacitance_check_limit
--------------------------------------------------------------------------
0.30000001192092896

==========================================================================
detailed place max_capacitance_check_slack_limit
--------------------------------------------------------------------------
0.7638

==========================================================================
detailed place max_slew_violation_count
--------------------------------------------------------------------------
max slew violation count 0

==========================================================================
detailed place max_fanout_violation_count
--------------------------------------------------------------------------
max fanout violation count 0

==========================================================================
detailed place max_cap_violation_count
--------------------------------------------------------------------------
max cap violation count 0

==========================================================================
detailed place setup_violation_count
--------------------------------------------------------------------------
setup violation count 0

==========================================================================
detailed place hold_violation_count
--------------------------------------------------------------------------
hold violation count 0

==========================================================================
detailed place report_checks -path_delay max reg to reg
--------------------------------------------------------------------------
Startpoint: Z[9][31]$_DFF_P_ (rising edge-triggered flip-flop clocked by clock)
Endpoint: Y[10][16]$_DFF_P_ (rising edge-triggered flip-flop clocked by clock)
Path Group: clock
Path Type: max

  Delay    Time   Description
---------------------------------------------------------
   0.00    0.00   clock clock (rise edge)
   0.00    0.00   clock network delay (ideal)
   0.00    0.00 ^ Z[9][31]$_DFF_P_/CLK (sg13g2_dfrbp_1)
   0.26    0.26 v Z[9][31]$_DFF_P_/Q (sg13g2_dfrbp_1)
   0.13    0.39 v place3234/X (sg13g2_buf_4)
   0.10    0.49 ^ _20667_/Y (sg13g2_nor2b_1)
   0.12    0.61 v _20678_/Y (sg13g2_nand3b_1)
   0.13    0.73 v _20679_/X (sg13g2_and3_2)
   0.42    1.16 ^ _20692_/Y (sg13g2_a221oi_1)
   0.31    1.47 v _20740_/Y (sg13g2_a22oi_1)
   0.12    1.59 ^ _20772_/Y (sg13g2_nand4_1)
   0.21    1.79 v _20780_/Y (sg13g2_nand4_1)
   0.19    1.98 ^ _20797_/Y (sg13g2_nor3_2)
   0.10    2.08 v _20828_/Y (sg13g2_nor3_1)
   0.15    2.23 ^ _20839_/Y (sg13g2_nor3_1)
   0.06    2.29 v _20840_/Y (sg13g2_nor3_1)
   0.17    2.46 v _20841_/X (sg13g2_or3_1)
   0.17    2.63 ^ _20890_/Y (sg13g2_a221oi_1)
   0.21    2.84 v _20892_/Y (sg13g2_xnor2_1)
   0.00    2.85 v Y[10][16]$_DFF_P_/D (sg13g2_dfrbp_1)
           2.85   data arrival time

  20.00   20.00   clock clock (rise edge)
   0.00   20.00   clock network delay (ideal)
   0.00   20.00   clock reconvergence pessimism
          20.00 ^ Y[10][16]$_DFF_P_/CLK (sg13g2_dfrbp_1)
  -0.18   19.82   library setup time
          19.82   data required time
---------------------------------------------------------
          19.82   data required time
          -2.85   data arrival time
---------------------------------------------------------
          16.98   slack (MET)



==========================================================================
detailed place report_checks -path_delay min reg to reg
--------------------------------------------------------------------------
Startpoint: Z[12][1]$_DFF_P_ (rising edge-triggered flip-flop clocked by clock)
Endpoint: Z[13][1]$_DFF_P_ (rising edge-triggered flip-flop clocked by clock)
Path Group: clock
Path Type: min

  Delay    Time   Description
---------------------------------------------------------
   0.00    0.00   clock clock (rise edge)
   0.00    0.00   clock network delay (ideal)
   0.00    0.00 ^ Z[12][1]$_DFF_P_/CLK (sg13g2_dfrbp_1)
   0.17    0.17 v Z[12][1]$_DFF_P_/Q_N (sg13g2_dfrbp_1)
   0.00    0.17 v Z[13][1]$_DFF_P_/D (sg13g2_dfrbp_1)
           0.17   data arrival time

   0.00    0.00   clock clock (rise edge)
   0.00    0.00   clock network delay (ideal)
   0.00    0.00   clock reconvergence pessimism
           0.00 ^ Z[13][1]$_DFF_P_/CLK (sg13g2_dfrbp_1)
  -0.05   -0.05   library hold time
          -0.05   data required time
---------------------------------------------------------
          -0.05   data required time
          -0.17   data arrival time
---------------------------------------------------------
           0.21   slack (MET)



==========================================================================
detailed place critical path target clock latency max path
--------------------------------------------------------------------------
0.0000

==========================================================================
detailed place critical path target clock latency min path
--------------------------------------------------------------------------
0.0000

==========================================================================
detailed place critical path source clock latency min path
--------------------------------------------------------------------------
0.0000

==========================================================================
detailed place critical path delay
--------------------------------------------------------------------------
6.1724

==========================================================================
detailed place critical path slack
--------------------------------------------------------------------------
13.6975

==========================================================================
detailed place slack div critical path delay
--------------------------------------------------------------------------
221.915300

==========================================================================
detailed place report_power
--------------------------------------------------------------------------
Group                  Internal  Switching    Leakage      Total
                          Power      Power      Power      Power (Watts)
----------------------------------------------------------------
Sequential             5.71e-03   9.28e-04   5.15e-07   6.64e-03  42.9%
Combinational          4.26e-03   4.60e-03   1.44e-06   8.85e-03  57.1%
Clock                  0.00e+00   0.00e+00   0.00e+00   0.00e+00   0.0%
Macro                  0.00e+00   0.00e+00   0.00e+00   0.00e+00   0.0%
Pad                    0.00e+00   0.00e+00   0.00e+00   0.00e+00   0.0%
----------------------------------------------------------------
Total                  9.97e-03   5.52e-03   1.95e-06   1.55e-02 100.0%
                          64.3%      35.6%       0.0%
