
==========================================================================
resizer report_tns
--------------------------------------------------------------------------
tns max 0.00

==========================================================================
resizer report_wns
--------------------------------------------------------------------------
wns max 0.00

==========================================================================
resizer report_worst_slack
--------------------------------------------------------------------------
worst slack max 13.71

==========================================================================
resizer report_checks -path_delay min
--------------------------------------------------------------------------
Startpoint: Z[12][1]$_DFF_P_ (rising edge-triggered flip-flop clocked by clock)
Endpoint: Z[13][1]$_DFF_P_ (rising edge-triggered flip-flop clocked by clock)
Path Group: clock
Path Type: min

Fanout     Cap    Slew   Delay    Time   Description
-----------------------------------------------------------------------------
                  0.00    0.00    0.00   clock clock (rise edge)
                          0.00    0.00   clock network delay (ideal)
                  0.00    0.00    0.00 ^ Z[12][1]$_DFF_P_/CLK (sg13g2_dfrbp_1)
     2    0.01    0.05    0.17    0.17 v Z[12][1]$_DFF_P_/Q_N (sg13g2_dfrbp_1)
                                         _00931_ (net)
                  0.05    0.00    0.17 v Z[13][1]$_DFF_P_/D (sg13g2_dfrbp_1)
                                  0.17   data arrival time

                  0.00    0.00    0.00   clock clock (rise edge)
                          0.00    0.00   clock network delay (ideal)
                          0.00    0.00   clock reconvergence pessimism
                                  0.00 ^ Z[13][1]$_DFF_P_/CLK (sg13g2_dfrbp_1)
                         -0.05   -0.05   library hold time
                                 -0.05   data required time
-----------------------------------------------------------------------------
                                 -0.05   data required time
                                 -0.17   data arrival time
-----------------------------------------------------------------------------
                                  0.21   slack (MET)



==========================================================================
resizer report_checks -path_delay max
--------------------------------------------------------------------------
Startpoint: angle[29] (input port clocked by clock)
Endpoint: X[0][6]$_DFF_P_ (rising edge-triggered flip-flop clocked by clock)
Path Group: clock
Path Type: max

Fanout     Cap    Slew   Delay    Time   Description
-----------------------------------------------------------------------------
                  0.00    0.00    0.00   clock clock (rise edge)
                          0.00    0.00   clock network delay (ideal)
                          4.00    4.00 v input external delay
     1    0.01    0.00    0.00    4.00 v angle[29] (in)
                                         angle[29] (net)
                  0.00    0.00    4.00 v input54/A (sg13g2_buf_1)
     2    0.02    0.06    0.09    4.09 v input54/X (sg13g2_buf_1)
                                         net1046 (net)
                  0.06    0.00    4.09 v _11852_/C (sg13g2_nor4_1)
     1    0.01    0.18    0.19    4.28 ^ _11852_/Y (sg13g2_nor4_1)
                                         _03987_ (net)
                  0.18    0.00    4.28 ^ _11854_/C (sg13g2_nand4_1)
     2    0.06    0.72    0.63    4.91 v _11854_/Y (sg13g2_nand4_1)
                                         _03989_ (net)
                  0.72    0.02    4.93 v _11868_/A1 (sg13g2_o21ai_1)
     8    0.04    0.46    0.54    5.48 ^ _11868_/Y (sg13g2_o21ai_1)
                                         _04001_ (net)
                  0.46    0.00    5.48 ^ place3169/A (sg13g2_buf_1)
     5    0.02    0.10    0.21    5.69 ^ place3169/X (sg13g2_buf_1)
                                         net4161 (net)
                  0.10    0.00    5.69 ^ place3170/A (sg13g2_buf_4)
     6    0.03    0.05    0.14    5.83 ^ place3170/X (sg13g2_buf_4)
                                         net4162 (net)
                  0.05    0.00    5.83 ^ _11872_/A (sg13g2_nand2_2)
     2    0.02    0.06    0.07    5.90 v _11872_/Y (sg13g2_nand2_2)
                                         _04005_ (net)
                  0.06    0.00    5.90 v place3157/A (sg13g2_buf_4)
     8    0.04    0.05    0.11    6.01 v place3157/X (sg13g2_buf_4)
                                         net4149 (net)
                  0.05    0.00    6.01 v _12041_/A2 (sg13g2_o21ai_1)
     1    0.00    0.09    0.10    6.10 ^ _12041_/Y (sg13g2_o21ai_1)
                                         _04151_ (net)
                  0.09    0.00    6.10 ^ _12042_/B1 (sg13g2_a21oi_1)
     1    0.00    0.05    0.05    6.16 v _12042_/Y (sg13g2_a21oi_1)
                                         _00013_ (net)
                  0.05    0.00    6.16 v X[0][6]$_DFF_P_/D (sg13g2_dfrbp_1)
                                  6.16   data arrival time

                  0.00   20.00   20.00   clock clock (rise edge)
                          0.00   20.00   clock network delay (ideal)
                          0.00   20.00   clock reconvergence pessimism
                                 20.00 ^ X[0][6]$_DFF_P_/CLK (sg13g2_dfrbp_1)
                         -0.13   19.87   library setup time
                                 19.87   data required time
-----------------------------------------------------------------------------
                                 19.87   data required time
                                 -6.16   data arrival time
-----------------------------------------------------------------------------
                                 13.71   slack (MET)



==========================================================================
resizer report_checks -unconstrained
--------------------------------------------------------------------------
Startpoint: angle[29] (input port clocked by clock)
Endpoint: X[0][6]$_DFF_P_ (rising edge-triggered flip-flop clocked by clock)
Path Group: clock
Path Type: max

Fanout     Cap    Slew   Delay    Time   Description
-----------------------------------------------------------------------------
                  0.00    0.00    0.00   clock clock (rise edge)
                          0.00    0.00   clock network delay (ideal)
                          4.00    4.00 v input external delay
     1    0.01    0.00    0.00    4.00 v angle[29] (in)
                                         angle[29] (net)
                  0.00    0.00    4.00 v input54/A (sg13g2_buf_1)
     2    0.02    0.06    0.09    4.09 v input54/X (sg13g2_buf_1)
                                         net1046 (net)
                  0.06    0.00    4.09 v _11852_/C (sg13g2_nor4_1)
     1    0.01    0.18    0.19    4.28 ^ _11852_/Y (sg13g2_nor4_1)
                                         _03987_ (net)
                  0.18    0.00    4.28 ^ _11854_/C (sg13g2_nand4_1)
     2    0.06    0.72    0.63    4.91 v _11854_/Y (sg13g2_nand4_1)
                                         _03989_ (net)
                  0.72    0.02    4.93 v _11868_/A1 (sg13g2_o21ai_1)
     8    0.04    0.46    0.54    5.48 ^ _11868_/Y (sg13g2_o21ai_1)
                                         _04001_ (net)
                  0.46    0.00    5.48 ^ place3169/A (sg13g2_buf_1)
     5    0.02    0.10    0.21    5.69 ^ place3169/X (sg13g2_buf_1)
                                         net4161 (net)
                  0.10    0.00    5.69 ^ place3170/A (sg13g2_buf_4)
     6    0.03    0.05    0.14    5.83 ^ place3170/X (sg13g2_buf_4)
                                         net4162 (net)
                  0.05    0.00    5.83 ^ _11872_/A (sg13g2_nand2_2)
     2    0.02    0.06    0.07    5.90 v _11872_/Y (sg13g2_nand2_2)
                                         _04005_ (net)
                  0.06    0.00    5.90 v place3157/A (sg13g2_buf_4)
     8    0.04    0.05    0.11    6.01 v place3157/X (sg13g2_buf_4)
                                         net4149 (net)
                  0.05    0.00    6.01 v _12041_/A2 (sg13g2_o21ai_1)
     1    0.00    0.09    0.10    6.10 ^ _12041_/Y (sg13g2_o21ai_1)
                                         _04151_ (net)
                  0.09    0.00    6.10 ^ _12042_/B1 (sg13g2_a21oi_1)
     1    0.00    0.05    0.05    6.16 v _12042_/Y (sg13g2_a21oi_1)
                                         _00013_ (net)
                  0.05    0.00    6.16 v X[0][6]$_DFF_P_/D (sg13g2_dfrbp_1)
                                  6.16   data arrival time

                  0.00   20.00   20.00   clock clock (rise edge)
                          0.00   20.00   clock network delay (ideal)
                          0.00   20.00   clock reconvergence pessimism
                                 20.00 ^ X[0][6]$_DFF_P_/CLK (sg13g2_dfrbp_1)
                         -0.13   19.87   library setup time
                                 19.87   data required time
-----------------------------------------------------------------------------
                                 19.87   data required time
                                 -6.16   data arrival time
-----------------------------------------------------------------------------
                                 13.71   slack (MET)



==========================================================================
resizer report_check_types -max_slew -max_cap -max_fanout -violators
--------------------------------------------------------------------------

==========================================================================
resizer max_slew_check_slack
--------------------------------------------------------------------------
1.7831093072891235

==========================================================================
resizer max_slew_check_limit
--------------------------------------------------------------------------
2.5074000358581543

==========================================================================
resizer max_slew_check_slack_limit
--------------------------------------------------------------------------
0.7111

==========================================================================
resizer max_fanout_check_slack
--------------------------------------------------------------------------
0.0

==========================================================================
resizer max_fanout_check_limit
--------------------------------------------------------------------------
8.0

==========================================================================
resizer max_fanout_check_slack_limit
--------------------------------------------------------------------------
0.0000

==========================================================================
resizer max_capacitance_check_slack
--------------------------------------------------------------------------
0.2279600352048874

==========================================================================
resizer max_capacitance_check_limit
--------------------------------------------------------------------------
0.30000001192092896

==========================================================================
resizer max_capacitance_check_slack_limit
--------------------------------------------------------------------------
0.7599

==========================================================================
resizer max_slew_violation_count
--------------------------------------------------------------------------
max slew violation count 0

==========================================================================
resizer max_fanout_violation_count
--------------------------------------------------------------------------
max fanout violation count 0

==========================================================================
resizer max_cap_violation_count
--------------------------------------------------------------------------
max cap violation count 0

==========================================================================
resizer setup_violation_count
--------------------------------------------------------------------------
setup violation count 0

==========================================================================
resizer hold_violation_count
--------------------------------------------------------------------------
hold violation count 0

==========================================================================
resizer report_checks -path_delay max reg to reg
--------------------------------------------------------------------------
Startpoint: Z[9][31]$_DFF_P_ (rising edge-triggered flip-flop clocked by clock)
Endpoint: Y[10][16]$_DFF_P_ (rising edge-triggered flip-flop clocked by clock)
Path Group: clock
Path Type: max

  Delay    Time   Description
---------------------------------------------------------
   0.00    0.00   clock clock (rise edge)
   0.00    0.00   clock network delay (ideal)
   0.00    0.00 ^ Z[9][31]$_DFF_P_/CLK (sg13g2_dfrbp_1)
   0.25    0.25 v Z[9][31]$_DFF_P_/Q (sg13g2_dfrbp_1)
   0.13    0.38 v place3234/X (sg13g2_buf_4)
   0.10    0.49 ^ _20675_/Y (sg13g2_nor3_1)
   0.11    0.60 v _20677_/Y (sg13g2_a22oi_1)
   0.12    0.72 v _20679_/X (sg13g2_and3_2)
   0.41    1.12 ^ _20692_/Y (sg13g2_a221oi_1)
   0.29    1.42 v _20740_/Y (sg13g2_a22oi_1)
   0.12    1.54 ^ _20772_/Y (sg13g2_nand4_1)
   0.20    1.74 v _20780_/Y (sg13g2_nand4_1)
   0.19    1.93 ^ _20797_/Y (sg13g2_nor3_2)
   0.09    2.02 v _20828_/Y (sg13g2_nor3_1)
   0.15    2.17 ^ _20839_/Y (sg13g2_nor3_1)
   0.06    2.23 v _20840_/Y (sg13g2_nor3_1)
   0.17    2.40 v _20841_/X (sg13g2_or3_1)
   0.18    2.58 ^ _20890_/Y (sg13g2_a221oi_1)
   0.22    2.79 v _20892_/Y (sg13g2_xnor2_1)
   0.00    2.80 v Y[10][16]$_DFF_P_/D (sg13g2_dfrbp_1)
           2.80   data arrival time

  20.00   20.00   clock clock (rise edge)
   0.00   20.00   clock network delay (ideal)
   0.00   20.00   clock reconvergence pessimism
          20.00 ^ Y[10][16]$_DFF_P_/CLK (sg13g2_dfrbp_1)
  -0.18   19.82   library setup time
          19.82   data required time
---------------------------------------------------------
          19.82   data required time
          -2.80   data arrival time
---------------------------------------------------------
          17.02   slack (MET)



==========================================================================
resizer report_checks -path_delay min reg to reg
--------------------------------------------------------------------------
Startpoint: Z[12][1]$_DFF_P_ (rising edge-triggered flip-flop clocked by clock)
Endpoint: Z[13][1]$_DFF_P_ (rising edge-triggered flip-flop clocked by clock)
Path Group: clock
Path Type: min

  Delay    Time   Description
---------------------------------------------------------
   0.00    0.00   clock clock (rise edge)
   0.00    0.00   clock network delay (ideal)
   0.00    0.00 ^ Z[12][1]$_DFF_P_/CLK (sg13g2_dfrbp_1)
   0.17    0.17 v Z[12][1]$_DFF_P_/Q_N (sg13g2_dfrbp_1)
   0.00    0.17 v Z[13][1]$_DFF_P_/D (sg13g2_dfrbp_1)
           0.17   data arrival time

   0.00    0.00   clock clock (rise edge)
   0.00    0.00   clock network delay (ideal)
   0.00    0.00   clock reconvergence pessimism
           0.00 ^ Z[13][1]$_DFF_P_/CLK (sg13g2_dfrbp_1)
  -0.05   -0.05   library hold time
          -0.05   data required time
---------------------------------------------------------
          -0.05   data required time
          -0.17   data arrival time
---------------------------------------------------------
           0.21   slack (MET)



==========================================================================
resizer critical path target clock latency max path
--------------------------------------------------------------------------
0.0000

==========================================================================
resizer critical path target clock latency min path
--------------------------------------------------------------------------
0.0000

==========================================================================
resizer critical path source clock latency min path
--------------------------------------------------------------------------
0.0000

==========================================================================
resizer critical path delay
--------------------------------------------------------------------------
6.1577

==========================================================================
resizer critical path slack
--------------------------------------------------------------------------
13.7124

==========================================================================
resizer slack div critical path delay
--------------------------------------------------------------------------
222.687042

==========================================================================
resizer report_power
--------------------------------------------------------------------------
Group                  Internal  Switching    Leakage      Total
                          Power      Power      Power      Power (Watts)
----------------------------------------------------------------
Sequential             5.70e-03   9.12e-04   5.15e-07   6.61e-03  43.1%
Combinational          4.26e-03   4.46e-03   1.44e-06   8.72e-03  56.9%
Clock                  0.00e+00   0.00e+00   0.00e+00   0.00e+00   0.0%
Macro                  0.00e+00   0.00e+00   0.00e+00   0.00e+00   0.0%
Pad                    0.00e+00   0.00e+00   0.00e+00   0.00e+00   0.0%
----------------------------------------------------------------
Total                  9.95e-03   5.37e-03   1.95e-06   1.53e-02 100.0%
                          64.9%      35.0%       0.0%
